2024-03-12 17:28:42,182 - __main__ - INFO - The Temerature in Ballarpur is 30.9 & Sky is Clear .
2024-03-12 17:34:43,746 - __main__ - INFO - The Temperature in Ballarpur is 30.4°C & Sky is Clear 
2024-03-13 00:55:28,253 - __main__ - INFO - The Temperature in Ballarpur is 25.8°C & Sky is Sunny
2024-03-13 07:12:59,433 - __main__ - INFO - The Temperature in Ballarpur is 37.8°C & Sky is Sunny
2024-03-13 08:15:56,848 - __main__ - INFO - The Temperature in Ballarpur is 38.2°C & Sky is Sunny
2024-03-14 13:34:01,101 - __main__ - INFO - The Temperature in Ballarpur is 31.9°C & Sky is Clear 
2024-03-14 15:01:12,147 - __main__ - INFO - The Temperature in Ballarpur is 31.2°C & Sky is Clear 
2024-03-14 23:15:03,860 - __main__ - INFO - The Temperature in Ballarpur is 24.8°C & Sky is Clear 
2024-03-15 23:16:28,186 - __main__ - INFO - The Temperature in Ballarpur is 29.2°C & Sky is Clear 
2024-03-16 23:16:21,011 - __main__ - INFO - The Temperature in Ballarpur is 27.1°C & Sky is Patchy rain nearby
2024-03-17 04:48:56,326 - __main__ - INFO - The Temperature in Ballarpur is 28.9°C & Sky is Partly Cloudy 
2024-03-17 05:03:18,779 - __main__ - INFO - The Temperature in Ballarpur is 28.9°C & Sky is Partly Cloudy 
2024-03-18 02:13:08,578 - __main__ - INFO - The Temperature in Ballarpur is 26.7°C & Sky is Moderate rain at times
2024-03-19 02:13:14,188 - __main__ - INFO - The Temperature in Ballarpur is 27.9°C & Sky is Sunny
2024-03-20 02:12:40,183 - __main__ - INFO - The Temperature in Ballarpur is 21.8°C & Sky is Sunny
2024-03-21 02:14:36,177 - __main__ - INFO - The Temperature in Ballarpur is 23.9°C & Sky is Sunny
2024-03-22 02:12:30,754 - __main__ - INFO - The Temperature in Ballarpur is 25.5°C & Sky is Sunny
2024-03-23 02:12:54,749 - __main__ - INFO - The Temperature in Ballarpur is 26.4°C & Sky is Sunny
2024-03-24 02:17:20,233 - __main__ - INFO - The Temperature in Ballarpur is 27.3°C & Sky is Partly Cloudy 
2024-03-25 02:15:47,236 - __main__ - INFO - The Temperature in Ballarpur is 28.8°C & Sky is Sunny
2024-03-26 02:12:41,348 - __main__ - INFO - The Temperature in Ballarpur is 28.5°C & Sky is Sunny
2024-03-27 02:13:07,846 - __main__ - INFO - The Temperature in Ballarpur is 28.2°C & Sky is Sunny
2024-03-28 02:16:48,424 - __main__ - INFO - The Temperature in Ballarpur is 29.2°C & Sky is Sunny
2024-03-29 02:12:59,551 - __main__ - INFO - The Temperature in Ballarpur is 32.4°C & Sky is Sunny
2024-03-30 02:10:29,166 - __main__ - INFO - The Temperature in Ballarpur is 30.8°C & Sky is Sunny
2024-03-31 02:17:07,261 - __main__ - INFO - The Temperature in Ballarpur is 31.8°C & Sky is Sunny
2024-04-01 02:21:58,159 - __main__ - INFO - The Temperature in Ballarpur is 32.3°C & Sky is Sunny
2024-04-02 02:16:34,990 - __main__ - INFO - The Temperature in Ballarpur is 32.8°C & Sky is Sunny
2024-04-03 02:14:37,407 - __main__ - INFO - The Temperature in Ballarpur is 32.4°C & Sky is Sunny
2024-04-04 02:15:56,668 - __main__ - INFO - The Temperature in Ballarpur is 33.0°C & Sky is Sunny
2024-04-05 02:14:11,222 - __main__ - INFO - The Temperature in Ballarpur is 34.0°C & Sky is Sunny
2024-04-06 02:12:36,178 - __main__ - INFO - The Temperature in Ballarpur is 32.1°C & Sky is Sunny
2024-04-07 02:17:12,238 - __main__ - INFO - The Temperature in Ballarpur is 32.6°C & Sky is Sunny
2024-04-08 02:16:13,990 - __main__ - INFO - The Temperature in Ballarpur is 29.0°C & Sky is Sunny
2024-04-09 02:14:49,421 - __main__ - INFO - The Temperature in Ballarpur is 25.8°C & Sky is Sunny
2024-04-10 02:14:33,371 - __main__ - INFO - The Temperature in Ballarpur is 27.7°C & Sky is Sunny
2024-04-11 02:16:38,777 - __main__ - INFO - The Temperature in Ballarpur is 26.1°C & Sky is Patchy light drizzle
2024-04-12 02:17:59,483 - __main__ - INFO - The Temperature in Ballarpur is 27.3°C & Sky is Patchy rain nearby
2024-04-13 02:01:25,280 - __main__ - INFO - The Temperature in Ballarpur is 26.6°C & Sky is Light rain shower
2024-04-14 03:12:17,519 - __main__ - INFO - The Temperature in Ballarpur is 29.0°C & Sky is Sunny
2024-04-15 04:04:21,006 - __main__ - INFO - The Temperature in Ballarpur is 35.9°C & Sky is Sunny
2024-04-16 02:14:46,986 - __main__ - INFO - The Temperature in Ballarpur is 32.8°C & Sky is Sunny
2024-04-17 02:16:12,990 - __main__ - INFO - The Temperature in Ballarpur is 33.8°C & Sky is Sunny
2024-04-18 02:15:11,474 - __main__ - INFO - The Temperature in Ballarpur is 34.4°C & Sky is Sunny
2024-04-19 02:17:55,138 - __main__ - INFO - The Temperature in Ballarpur is 36.1°C & Sky is Sunny
2024-04-20 02:14:15,211 - __main__ - INFO - The Temperature in Ballarpur is 33.6°C & Sky is Sunny
2024-04-21 02:18:43,198 - __main__ - INFO - The Temperature in Ballarpur is 34.2°C & Sky is Partly Cloudy
2024-04-22 02:18:19,777 - __main__ - INFO - The Temperature in Ballarpur is 32.2°C & Sky is Sunny
2024-04-23 02:18:20,559 - __main__ - INFO - The Temperature in Ballarpur is 30.3°C & Sky is Sunny
2024-04-24 02:16:56,470 - __main__ - INFO - The Temperature in Ballarpur is 32.4°C & Sky is Sunny
2024-04-25 02:17:47,285 - __main__ - INFO - The Temperature in Ballarpur is 32.3°C & Sky is Sunny
2024-04-26 02:17:10,149 - __main__ - INFO - The Temperature in Ballarpur is 33.9°C & Sky is Sunny
2024-04-27 02:16:41,005 - __main__ - INFO - The Temperature in Ballarpur is 33.7°C & Sky is Sunny
2024-04-28 02:21:31,749 - __main__ - INFO - The Temperature in Ballarpur is 34.1°C & Sky is Sunny
2024-04-29 02:18:26,635 - __main__ - INFO - The Temperature in Ballarpur is 34.0°C & Sky is Sunny
2024-04-30 02:17:06,147 - __main__ - INFO - The Temperature in Ballarpur is 35.0°C & Sky is Sunny
2024-05-01 02:22:06,839 - __main__ - INFO - The Temperature in Ballarpur is 36.2°C & Sky is Sunny
2024-05-02 02:17:31,468 - __main__ - INFO - The Temperature in Ballarpur is 33.5°C & Sky is Sunny
2024-05-03 02:19:56,618 - __main__ - INFO - The Temperature in Ballarpur is 32.5°C & Sky is Sunny
2024-05-04 02:15:30,202 - __main__ - INFO - The Temperature in Ballarpur is 32.8°C & Sky is Sunny
2024-05-05 02:20:22,962 - __main__ - INFO - The Temperature in Ballarpur is 34.1°C & Sky is Sunny
2024-05-06 02:21:22,498 - __main__ - INFO - The Temperature in Ballarpur is 36.0°C & Sky is Sunny
2024-05-07 02:24:33,777 - __main__ - INFO - The Temperature in Ballarpur is 33.3°C & Sky is Sunny
2024-05-08 02:01:25,976 - __main__ - INFO - The Temperature in Ballarpur is 29.6°C & Sky is Sunny
2024-05-09 02:22:04,724 - __main__ - INFO - The Temperature in Ballarpur is 31.5°C & Sky is Sunny
2024-05-10 02:23:58,674 - __main__ - INFO - The Temperature in Ballarpur is 30.1°C & Sky is Sunny
2024-05-11 02:17:07,544 - __main__ - INFO - The Temperature in Ballarpur is 33.4°C & Sky is Sunny
2024-05-12 02:22:07,133 - __main__ - INFO - The Temperature in Ballarpur is 33.7°C & Sky is Sunny
